<?xml version="1.0" encoding="UTF-8"?>
<!-- Generated by org.testng.reporters.JUnitReportReporter -->
<testsuite skipped="0" hostname="wisgndtyazeg2" name="TestGetApi.ParseJson" tests="1" failures="0" timestamp="2021-01-22T13:34:06 EET" time="0.195" errors="1">
  <testcase name="main" time="0.195" classname="TestGetApi.ParseJson">
    <error type="com.jayway.jsonpath.PathNotFoundException" message="Missing property in path $[&#039;notification&#039;]">
      <![CDATA[com.jayway.jsonpath.PathNotFoundException: Missing property in path $['notification']
at com.jayway.jsonpath.internal.path.PathToken.handleObjectProperty(PathToken.java:72)
at com.jayway.jsonpath.internal.path.PropertyPathToken.evaluate(PropertyPathToken.java:79)
at com.jayway.jsonpath.internal.path.RootPathToken.evaluate(RootPathToken.java:62)
at com.jayway.jsonpath.internal.path.CompiledPath.evaluate(CompiledPath.java:53)
at com.jayway.jsonpath.internal.path.CompiledPath.evaluate(CompiledPath.java:61)
at com.jayway.jsonpath.JsonPath.read(JsonPath.java:181)
at com.jayway.jsonpath.internal.JsonContext.read(JsonContext.java:102)
at com.jayway.jsonpath.internal.JsonContext.read(JsonContext.java:89)
at com.jayway.jsonpath.JsonPath.read(JsonPath.java:502)
at TestGetApi.ParseJson.main(ParseJson.java:79)
at sun.reflect.NativeMethodAccessorImpl.invoke0(Native Method)
at sun.reflect.NativeMethodAccessorImpl.invoke(NativeMethodAccessorImpl.java:62)
at sun.reflect.DelegatingMethodAccessorImpl.invoke(DelegatingMethodAccessorImpl.java:43)
at java.lang.reflect.Method.invoke(Method.java:498)
at org.testng.internal.MethodInvocationHelper.invokeMethod(MethodInvocationHelper.java:132)
at org.testng.internal.TestInvoker.invokeMethod(TestInvoker.java:599)
at org.testng.internal.TestInvoker.invokeTestMethod(TestInvoker.java:174)
at org.testng.internal.MethodRunner.runInSequence(MethodRunner.java:46)
at org.testng.internal.TestInvoker$MethodInvocationAgent.invoke(TestInvoker.java:822)
at org.testng.internal.TestInvoker.invokeTestMethods(TestInvoker.java:147)
at org.testng.internal.TestMethodWorker.invokeTestMethods(TestMethodWorker.java:146)
at org.testng.internal.TestMethodWorker.run(TestMethodWorker.java:128)
at java.util.ArrayList.forEach(ArrayList.java:1257)
at org.testng.TestRunner.privateRun(TestRunner.java:764)
at org.testng.TestRunner.run(TestRunner.java:585)
at org.testng.SuiteRunner.runTest(SuiteRunner.java:384)
at org.testng.SuiteRunner.runSequentially(SuiteRunner.java:378)
at org.testng.SuiteRunner.privateRun(SuiteRunner.java:337)
at org.testng.SuiteRunner.run(SuiteRunner.java:286)
at org.testng.SuiteRunnerWorker.runSuite(SuiteRunnerWorker.java:53)
at org.testng.SuiteRunnerWorker.run(SuiteRunnerWorker.java:96)
at org.testng.TestNG.runSuitesSequentially(TestNG.java:1218)
at org.testng.TestNG.runSuitesLocally(TestNG.java:1140)
at org.testng.TestNG.runSuites(TestNG.java:1069)
at org.testng.TestNG.run(TestNG.java:1037)
at org.testng.remote.AbstractRemoteTestNG.run(AbstractRemoteTestNG.java:115)
at org.testng.remote.RemoteTestNG.initAndRun(RemoteTestNG.java:251)
at org.testng.remote.RemoteTestNG.main(RemoteTestNG.java:77)
]]>
    </error>
  </testcase> <!-- main -->
  <system-out/>
</testsuite> <!-- TestGetApi.ParseJson -->
